[PMAC_PROJECT]
[PMAC_CONFIG]
Generation of pp_diff.cfg failed on SAVE: Error opening file /var/ftp/usrflash/Project/Configuration/pp_default.cfg
[PMAC_PROJECT]
[PMAC_PROJECT]
[PMAC_PROJECT]
/var/ftp/usrflash/Project/PMAC Script Language/Kinematic Routines/Inverse3Jack.kin:6:1: error #31: invalid function in equation:  L320 = HEIGHT - DIFF / 2
Error: downloading preprocessed File: "/var/ftp/usrflash/Temp/pp_proj.pma"
[PMAC_PROJECT]
/var/ftp/usrflash/Project/PMAC Script Language/Kinematic Routines/Inverse3Jack.kin:6:1: error #31: invalid function in equation:  L320 = HEIGHT - DIFF / 2
Error: downloading preprocessed File: "/var/ftp/usrflash/Temp/pp_proj.pma"
[PMAC_PROJECT]
/var/ftp/usrflash/Project/PMAC Script Language/Kinematic Routines/Inverse3Jack.kin:6:1: error #31: invalid function in equation:  L320 = HEIGHT - DIFF / 2
Error: downloading preprocessed File: "/var/ftp/usrflash/Temp/pp_proj.pma"
[PMAC_PROJECT]
[PMAC_CONFIG]
Generation of pp_diff.cfg failed on SAVE: Error opening file /var/ftp/usrflash/Project/Configuration/pp_default.cfg
[PMAC_CONFIG]
Generation of pp_diff.cfg failed on SAVE: Error opening file /var/ftp/usrflash/Project/Configuration/pp_default.cfg
[PMAC_CONFIG]
Generation of pp_diff.cfg failed on SAVE: Error opening file /var/ftp/usrflash/Project/Configuration/pp_default.cfg
[PMAC_PROJECT]
[PMAC_PROJECT]
[PMAC_CONFIG]
Generation of pp_diff.cfg failed on SAVE: Error opening file /var/ftp/usrflash/Project/Configuration/pp_default.cfg
[PMAC_PROJECT]
[PMAC_CONFIG]
Generation of pp_diff.cfg failed on SAVE: Error in section: [CID]
[PMAC_PROJECT]
