[PMAC_PROJECT]
Start of Project Loading using INI File: "/var/ftp/usrflash/Project/Configuration/pp_proj.ini"
Including Project File: /var/ftp/usrflash/Project/Configuration/pp_disable.txt 
Including Project File: /var/ftp/usrflash/Project/PMAC Script Language/Global Includes/CS3_2Jack.pmh 
Including Project File: /var/ftp/usrflash/Project/PMAC Script Language/Global Includes/global definitions.pmh 
Including Project File: /var/ftp/usrflash/Project/PMAC Script Language/Global Includes/Motor 1.pmh 
Including Project File: /var/ftp/usrflash/Project/PMAC Script Language/Global Includes/Motor 2.pmh 
Including Project File: /var/ftp/usrflash/Project/PMAC Script Language/Global Includes/Motor 3.pmh 
Including Project File: /var/ftp/usrflash/Project/PMAC Script Language/Global Includes/Motor 4.pmh 
Including Project File: /var/ftp/usrflash/Project/PMAC Script Language/Global Includes/Motor 5.pmh 
Including Project File: /var/ftp/usrflash/Project/PMAC Script Language/Global Includes/Motor 6.pmh 
Including Project File: /var/ftp/usrflash/Project/PMAC Script Language/Global Includes/Motor 7.pmh 
Including Project File: /var/ftp/usrflash/Project/PMAC Script Language/Global Includes/Motor 8.pmh 
Including Project File: /var/ftp/usrflash/Project/PMAC Script Language/Global Includes/PLCS.pmh 
Including Project File: /var/ftp/usrflash/Project/PMAC Script Language/Global Includes/trajectory_scan_definitions_ppmac.pmh 
Including Project File: /var/ftp/usrflash/Project/PMAC Script Language/Kinematic Routines/CS3_2Jack.kin 
Including Project File: /var/ftp/usrflash/Project/PMAC Script Language/Kinematic Routines/slits.kin 
Including Project File: /var/ftp/usrflash/Project/PMAC Script Language/Motion Programs/PROG10_CS_motion.pmc 
Including Project File: /var/ftp/usrflash/Project/PMAC Script Language/Motion Programs/trajectory_scan_code_ppmac.pmc 
Including Project File: /var/ftp/usrflash/Project/PMAC Script Language/PLC Programs/LabPLCs.plc 
Including Project File: /var/ftp/usrflash/Project/Configuration/pp_startup.txt 
91 Project Symbols were created for gpascii -2 communication
Status: Successful load of preprocessed File: "/var/ftp/usrflash/Temp/pp_proj.pma"
[PMAC_PROJECT]
Start of Project Loading using INI File: "/var/ftp/usrflash/Project/Configuration/pp_proj.ini"
LoadRTUserCode() Delta Time (sec) = 0.311929
Including Project File: /var/ftp/usrflash/Project/Configuration/pp_disable.txt 
Including Project File: /var/ftp/usrflash/Project/PMAC Script Language/Global Includes/CS3_2Jack.pmh 
Including Project File: /var/ftp/usrflash/Project/PMAC Script Language/Global Includes/global definitions.pmh 
Including Project File: /var/ftp/usrflash/Project/PMAC Script Language/Global Includes/Motor 1.pmh 
Including Project File: /var/ftp/usrflash/Project/PMAC Script Language/Global Includes/Motor 2.pmh 
Including Project File: /var/ftp/usrflash/Project/PMAC Script Language/Global Includes/Motor 3.pmh 
Including Project File: /var/ftp/usrflash/Project/PMAC Script Language/Global Includes/Motor 4.pmh 
Including Project File: /var/ftp/usrflash/Project/PMAC Script Language/Global Includes/Motor 5.pmh 
Including Project File: /var/ftp/usrflash/Project/PMAC Script Language/Global Includes/Motor 6.pmh 
Including Project File: /var/ftp/usrflash/Project/PMAC Script Language/Global Includes/Motor 7.pmh 
Including Project File: /var/ftp/usrflash/Project/PMAC Script Language/Global Includes/Motor 8.pmh 
Including Project File: /var/ftp/usrflash/Project/PMAC Script Language/Global Includes/PLCS.pmh 
Including Project File: /var/ftp/usrflash/Project/PMAC Script Language/Global Includes/trajectory_scan_definitions_ppmac.pmh 
Including Project File: /var/ftp/usrflash/Project/PMAC Script Language/Global Includes/PowerPMAC_M_Variables.pmh 
Including Project File: /var/ftp/usrflash/Project/PMAC Script Language/Kinematic Routines/CS3_2Jack.kin 
Including Project File: /var/ftp/usrflash/Project/PMAC Script Language/Kinematic Routines/slits.kin 
Including Project File: /var/ftp/usrflash/Project/PMAC Script Language/Motion Programs/PROG10_CS_motion.pmc 
Including Project File: /var/ftp/usrflash/Project/PMAC Script Language/Motion Programs/trajectory_scan_code_ppmac.pmc 
Including Project File: /var/ftp/usrflash/Project/PMAC Script Language/PLC Programs/LabPLCs.plc 
Including Project File: /var/ftp/usrflash/Project/Configuration/pp_startup.txt 
Status: Pass 1 Create debug file, #defines, *.h & .sym files, Time (sec) = 0.984575
Status: Pass 2 Verify prog calls, local stack & labels, Time (sec)  = 0.114304
91 Project Symbols were created for gpascii -2 communication
Status: Create PPMAC Symbol Table & Run CPP Time (sec) = 1.120188
Status: Successful load of preprocessed File: "/var/ftp/usrflash/Temp/pp_proj.pma"
Status: Download to PPMAC Command Processor, Time (sec) = 0.021357
Status: Final pp_proj.h & Run Background C Apps, Time (sec) = 0.829365
Project Preprocessing & Load Total Time (sec) = 3.383337
[PMAC_PROJECT]
Start of Project Loading using INI File: "/var/ftp/usrflash/Project/Configuration/pp_proj.ini"
LoadRTUserCode() Delta Time (sec) = 0.251580
Including Project File: /var/ftp/usrflash/Project/Configuration/pp_disable.txt 
Including Project File: /var/ftp/usrflash/Project/PMAC Script Language/Global Includes/global definitions.pmh 
Including Project File: /var/ftp/usrflash/Project/PMAC Script Language/Libraries/subprog1.pmc 
Including Project File: /var/ftp/usrflash/Project/PMAC Script Language/Libraries/timer.pmc 
Including Project File: /var/ftp/usrflash/Project/PMAC Script Language/Motion Programs/prog1.pmc 
Including Project File: /var/ftp/usrflash/Project/PMAC Script Language/PLC Programs/plc1.plc 
Including Project File: /var/ftp/usrflash/Project/Configuration/pp_startup.txt 
Status: Pass 1 Create debug file, #defines, *.h & .sym files, Time (sec) = 0.488123
Status: Pass 2 Verify prog calls, local stack & labels, Time (sec)  = 0.005222
3 Project Symbols were created for gpascii -2 communication
Status: Create PPMAC Symbol Table & Run CPP Time (sec) = 0.882506
Status: Successful load of preprocessed File: "/var/ftp/usrflash/Temp/pp_proj.pma"
Status: Download to PPMAC Command Processor, Time (sec) = 0.004176
Status: Final pp_proj.h & Run Background C Apps, Time (sec) = 0.807982
Project Preprocessing & Load Total Time (sec) = 2.444678
[PMAC_PROJECT]
Start of Project Loading using INI File: "/var/ftp/usrflash/Project/Configuration/pp_proj.ini"
LoadRTUserCode() Delta Time (sec) = 0.262711
Including Project File: /var/ftp/usrflash/Project/Configuration/pp_disable.txt 
Including Project File: /var/ftp/usrflash/Project/PMAC Script Language/Global Includes/global definitions.pmh 
Including Project File: /var/ftp/usrflash/Project/PMAC Script Language/Kinematic Routines/Inverse3Jack.kin 
Including Project File: /var/ftp/usrflash/Project/PMAC Script Language/Kinematic Routines/Forward3Jack.kin 
Including Project File: /var/ftp/usrflash/Project/PMAC Script Language/Libraries/subprog1.pmc 
Including Project File: /var/ftp/usrflash/Project/PMAC Script Language/Libraries/timer.pmc 
Including Project File: /var/ftp/usrflash/Project/PMAC Script Language/Motion Programs/prog1.pmc 
Including Project File: /var/ftp/usrflash/Project/PMAC Script Language/PLC Programs/plc1.plc 
Including Project File: /var/ftp/usrflash/Project/Configuration/pp_startup.txt 
Status: Pass 1 Create debug file, #defines, *.h & .sym files, Time (sec) = 0.659908
Status: Pass 2 Verify prog calls, local stack & labels, Time (sec)  = 0.044952
9 Project Symbols were created for gpascii -2 communication
Status: Create PPMAC Symbol Table & Run CPP Time (sec) = 1.089971
Error: downloading preprocessed File: "/var/ftp/usrflash/Temp/pp_proj.pma"
Status: Download to PPMAC Command Processor, Time (sec) = 0.008303
Project Preprocessing & Load Total Time (sec) = 2.076462
[PMAC_PROJECT]
Start of Project Loading using INI File: "/var/ftp/usrflash/Project/Configuration/pp_proj.ini"
LoadRTUserCode() Delta Time (sec) = 0.262759
Including Project File: /var/ftp/usrflash/Project/Configuration/pp_disable.txt 
Including Project File: /var/ftp/usrflash/Project/PMAC Script Language/Global Includes/global definitions.pmh 
Including Project File: /var/ftp/usrflash/Project/PMAC Script Language/Kinematic Routines/Inverse3Jack.kin 
Including Project File: /var/ftp/usrflash/Project/PMAC Script Language/Kinematic Routines/Forward3Jack.kin 
Including Project File: /var/ftp/usrflash/Project/PMAC Script Language/Libraries/subprog1.pmc 
Including Project File: /var/ftp/usrflash/Project/PMAC Script Language/Libraries/timer.pmc 
Including Project File: /var/ftp/usrflash/Project/PMAC Script Language/Motion Programs/prog1.pmc 
Including Project File: /var/ftp/usrflash/Project/PMAC Script Language/PLC Programs/plc1.plc 
Including Project File: /var/ftp/usrflash/Project/Configuration/pp_startup.txt 
Status: Pass 1 Create debug file, #defines, *.h & .sym files, Time (sec) = 0.665359
Status: Pass 2 Verify prog calls, local stack & labels, Time (sec)  = 0.051627
9 Project Symbols were created for gpascii -2 communication
Status: Create PPMAC Symbol Table & Run CPP Time (sec) = 1.092612
Error: downloading preprocessed File: "/var/ftp/usrflash/Temp/pp_proj.pma"
Status: Download to PPMAC Command Processor, Time (sec) = 0.006719
Project Preprocessing & Load Total Time (sec) = 2.085616
[PMAC_PROJECT]
Start of Project Loading using INI File: "/var/ftp/usrflash/Project/Configuration/pp_proj.ini"
LoadRTUserCode() Delta Time (sec) = 0.324455
Including Project File: /var/ftp/usrflash/Project/Configuration/pp_disable.txt 
Including Project File: /var/ftp/usrflash/Project/PMAC Script Language/Global Includes/global definitions.pmh 
Including Project File: /var/ftp/usrflash/Project/PMAC Script Language/Kinematic Routines/Inverse3Jack.kin 
Including Project File: /var/ftp/usrflash/Project/PMAC Script Language/Kinematic Routines/Forward3Jack.kin 
Including Project File: /var/ftp/usrflash/Project/PMAC Script Language/Libraries/subprog1.pmc 
Including Project File: /var/ftp/usrflash/Project/PMAC Script Language/Libraries/timer.pmc 
Including Project File: /var/ftp/usrflash/Project/PMAC Script Language/Motion Programs/prog1.pmc 
Including Project File: /var/ftp/usrflash/Project/PMAC Script Language/PLC Programs/plc1.plc 
Including Project File: /var/ftp/usrflash/Project/Configuration/pp_startup.txt 
Status: Pass 1 Create debug file, #defines, *.h & .sym files, Time (sec) = 0.789634
Status: Pass 2 Verify prog calls, local stack & labels, Time (sec)  = 0.051699
9 Project Symbols were created for gpascii -2 communication
Status: Create PPMAC Symbol Table & Run CPP Time (sec) = 1.339054
Error: downloading preprocessed File: "/var/ftp/usrflash/Temp/pp_proj.pma"
Status: Download to PPMAC Command Processor, Time (sec) = 0.005559
Project Preprocessing & Load Total Time (sec) = 2.516997
[PMAC_PROJECT]
Start of Project Loading using INI File: "/var/ftp/usrflash/Project/Configuration/pp_proj.ini"
LoadRTUserCode() Delta Time (sec) = 0.301546
Including Project File: /var/ftp/usrflash/Project/Configuration/pp_disable.txt 
Including Project File: /var/ftp/usrflash/Project/PMAC Script Language/Global Includes/global definitions.pmh 
Including Project File: /var/ftp/usrflash/Project/PMAC Script Language/Kinematic Routines/Inverse3Jack.kin 
Including Project File: /var/ftp/usrflash/Project/PMAC Script Language/Kinematic Routines/Forward3Jack.kin 
Including Project File: /var/ftp/usrflash/Project/PMAC Script Language/Libraries/subprog1.pmc 
Including Project File: /var/ftp/usrflash/Project/PMAC Script Language/Libraries/timer.pmc 
Including Project File: /var/ftp/usrflash/Project/PMAC Script Language/Motion Programs/prog1.pmc 
Including Project File: /var/ftp/usrflash/Project/PMAC Script Language/PLC Programs/plc1.plc 
Including Project File: /var/ftp/usrflash/Project/Configuration/pp_startup.txt 
Status: Pass 1 Create debug file, #defines, *.h & .sym files, Time (sec) = 0.725258
Status: Pass 2 Verify prog calls, local stack & labels, Time (sec)  = 0.049302
17 Project Symbols were created for gpascii -2 communication
Status: Create PPMAC Symbol Table & Run CPP Time (sec) = 1.194299
Status: Successful load of preprocessed File: "/var/ftp/usrflash/Temp/pp_proj.pma"
Status: Download to PPMAC Command Processor, Time (sec) = 0.004348
Status: Final pp_proj.h & Run Background C Apps, Time (sec) = 1.010090
Project Preprocessing & Load Total Time (sec) = 3.286116
[PMAC_PROJECT]
Start of Project Loading using INI File: "/var/ftp/usrflash/Project/Configuration/pp_proj.ini"
LoadRTUserCode() Delta Time (sec) = 0.289030
Including Project File: /var/ftp/usrflash/Project/Configuration/pp_disable.txt 
Including Project File: /var/ftp/usrflash/Project/PMAC Script Language/Global Includes/global definitions.pmh 
Including Project File: /var/ftp/usrflash/Project/PMAC Script Language/Kinematic Routines/Inverse3Jack.kin 
Including Project File: /var/ftp/usrflash/Project/PMAC Script Language/Kinematic Routines/Forward3Jack.kin 
Including Project File: /var/ftp/usrflash/Project/PMAC Script Language/Libraries/subprog1.pmc 
Including Project File: /var/ftp/usrflash/Project/PMAC Script Language/Libraries/timer.pmc 
Including Project File: /var/ftp/usrflash/Project/PMAC Script Language/Motion Programs/prog1.pmc 
Including Project File: /var/ftp/usrflash/Project/PMAC Script Language/PLC Programs/plc1.plc 
Including Project File: /var/ftp/usrflash/Project/Configuration/pp_startup.txt 
Status: Pass 1 Create debug file, #defines, *.h & .sym files, Time (sec) = 0.679615
Status: Pass 2 Verify prog calls, local stack & labels, Time (sec)  = 0.069841
17 Project Symbols were created for gpascii -2 communication
Status: Create PPMAC Symbol Table & Run CPP Time (sec) = 1.337819
Status: Successful load of preprocessed File: "/var/ftp/usrflash/Temp/pp_proj.pma"
Status: Download to PPMAC Command Processor, Time (sec) = 0.008918
Status: Final pp_proj.h & Run Background C Apps, Time (sec) = 1.107212
Project Preprocessing & Load Total Time (sec) = 3.493833
[PMAC_PROJECT]
Start of Project Loading using INI File: "/var/ftp/usrflash/Project/Configuration/pp_proj.ini"
LoadRTUserCode() Delta Time (sec) = 0.308081
Including Project File: /var/ftp/usrflash/Project/Configuration/pp_disable.txt 
Including Project File: /var/ftp/usrflash/Project/PMAC Script Language/Global Includes/global definitions.pmh 
Including Project File: /var/ftp/usrflash/Project/PMAC Script Language/Kinematic Routines/Inverse3Jack.kin 
Including Project File: /var/ftp/usrflash/Project/PMAC Script Language/Kinematic Routines/Forward3Jack.kin 
Including Project File: /var/ftp/usrflash/Project/PMAC Script Language/Libraries/subprog1.pmc 
Including Project File: /var/ftp/usrflash/Project/PMAC Script Language/Libraries/timer.pmc 
Including Project File: /var/ftp/usrflash/Project/PMAC Script Language/Motion Programs/prog1.pmc 
Including Project File: /var/ftp/usrflash/Project/PMAC Script Language/PLC Programs/plc1.plc 
Including Project File: /var/ftp/usrflash/Project/Configuration/pp_startup.txt 
Status: Pass 1 Create debug file, #defines, *.h & .sym files, Time (sec) = 0.715155
Status: Pass 2 Verify prog calls, local stack & labels, Time (sec)  = 0.054670
17 Project Symbols were created for gpascii -2 communication
Status: Create PPMAC Symbol Table & Run CPP Time (sec) = 1.232015
Status: Successful load of preprocessed File: "/var/ftp/usrflash/Temp/pp_proj.pma"
Status: Download to PPMAC Command Processor, Time (sec) = 0.016208
Status: Final pp_proj.h & Run Background C Apps, Time (sec) = 0.992773
Project Preprocessing & Load Total Time (sec) = 3.320298
[PMAC_PROJECT]
Start of Project Loading using INI File: "/var/ftp/usrflash/Project/Configuration/pp_proj.ini"
LoadRTUserCode() Delta Time (sec) = 0.271305
Including Project File: /var/ftp/usrflash/Project/Configuration/pp_disable.txt 
Including Project File: /var/ftp/usrflash/Project/PMAC Script Language/Global Includes/global definitions.pmh 
Including Project File: /var/ftp/usrflash/Project/PMAC Script Language/Kinematic Routines/Inverse3Jack.kin 
Including Project File: /var/ftp/usrflash/Project/PMAC Script Language/Kinematic Routines/Forward3Jack.kin 
Including Project File: /var/ftp/usrflash/Project/PMAC Script Language/Libraries/subprog1.pmc 
Including Project File: /var/ftp/usrflash/Project/PMAC Script Language/Libraries/timer.pmc 
Including Project File: /var/ftp/usrflash/Project/PMAC Script Language/Motion Programs/prog1.pmc 
Including Project File: /var/ftp/usrflash/Project/PMAC Script Language/PLC Programs/plc1.plc 
Including Project File: /var/ftp/usrflash/Project/Configuration/pp_startup.txt 
Status: Pass 1 Create debug file, #defines, *.h & .sym files, Time (sec) = 0.613179
Status: Pass 2 Verify prog calls, local stack & labels, Time (sec)  = 0.061338
17 Project Symbols were created for gpascii -2 communication
Status: Create PPMAC Symbol Table & Run CPP Time (sec) = 1.053776
Status: Successful load of preprocessed File: "/var/ftp/usrflash/Temp/pp_proj.pma"
Status: Download to PPMAC Command Processor, Time (sec) = 0.008032
Status: Final pp_proj.h & Run Background C Apps, Time (sec) = 0.863121
Project Preprocessing & Load Total Time (sec) = 2.871923
[PMAC_PROJECT]
Start of Project Loading using INI File: "/var/ftp/usrflash/Project/Configuration/pp_proj.ini"
LoadRTUserCode() Delta Time (sec) = 0.262057
Including Project File: /var/ftp/usrflash/Project/Configuration/pp_disable.txt 
Including Project File: /var/ftp/usrflash/Project/PMAC Script Language/Global Includes/global definitions.pmh 
Including Project File: /var/ftp/usrflash/Project/PMAC Script Language/Libraries/subprog1.pmc 
Including Project File: /var/ftp/usrflash/Project/PMAC Script Language/Libraries/timer.pmc 
Including Project File: /var/ftp/usrflash/Project/PMAC Script Language/Motion Programs/prog1.pmc 
Including Project File: /var/ftp/usrflash/Project/PMAC Script Language/PLC Programs/plc1.plc 
Including Project File: /var/ftp/usrflash/Project/Configuration/pp_startup.txt 
Status: Pass 1 Create debug file, #defines, *.h & .sym files, Time (sec) = 0.552177
Status: Pass 2 Verify prog calls, local stack & labels, Time (sec)  = 0.009418
3 Project Symbols were created for gpascii -2 communication
Status: Create PPMAC Symbol Table & Run CPP Time (sec) = 1.028993
Status: Successful load of preprocessed File: "/var/ftp/usrflash/Temp/pp_proj.pma"
Status: Download to PPMAC Command Processor, Time (sec) = 0.009793
Status: Final pp_proj.h & Run Background C Apps, Time (sec) = 0.906275
Project Preprocessing & Load Total Time (sec) = 2.769998
[PMAC_PROJECT]
Start of Project Loading using INI File: "/var/ftp/usrflash/Project/Configuration/pp_proj.ini"
LoadRTUserCode() Delta Time (sec) = 0.265197
Including Project File: /var/ftp/usrflash/Project/Configuration/pp_disable.txt 
Including Project File: /var/ftp/usrflash/Project/PMAC Script Language/Global Includes/global definitions.pmh 
Including Project File: /var/ftp/usrflash/Project/PMAC Script Language/Libraries/subprog1.pmc 
Including Project File: /var/ftp/usrflash/Project/PMAC Script Language/Libraries/timer.pmc 
Including Project File: /var/ftp/usrflash/Project/PMAC Script Language/Motion Programs/prog1.pmc 
Including Project File: /var/ftp/usrflash/Project/PMAC Script Language/PLC Programs/plc1.plc 
Including Project File: /var/ftp/usrflash/Project/Configuration/pp_startup.txt 
Status: Pass 1 Create debug file, #defines, *.h & .sym files, Time (sec) = 0.488709
Status: Pass 2 Verify prog calls, local stack & labels, Time (sec)  = 0.005387
3 Project Symbols were created for gpascii -2 communication
Status: Create PPMAC Symbol Table & Run CPP Time (sec) = 0.978394
Status: Successful load of preprocessed File: "/var/ftp/usrflash/Temp/pp_proj.pma"
Status: Download to PPMAC Command Processor, Time (sec) = 0.008250
Status: Final pp_proj.h & Run Background C Apps, Time (sec) = 0.877581
Project Preprocessing & Load Total Time (sec) = 2.627138
